
> TLP@1.0.0 start /home/kowsikg/Downloads/git/tlp-fe
> npm i && concurrently --kill-others "better-npm-run start-default"

npm WARN bootstrap@4.0.0 requires a peer of jquery@1.9.1 - 3 but none is installed. You must install peer dependencies yourself.
npm WARN bootstrap@4.0.0 requires a peer of popper.js@^1.12.9 but none is installed. You must install peer dependencies yourself.
npm WARN enzyme-adapter-react-15@1.0.5 requires a peer of react-test-renderer@^15.5.0 but none is installed. You must install peer dependencies yourself.
npm WARN enzyme-adapter-react-16@1.1.0 requires a peer of react@^16.0.0-0 but none is installed. You must install peer dependencies yourself.
npm WARN enzyme-adapter-react-16@1.1.0 requires a peer of react-dom@^16.0.0-0 but none is installed. You must install peer dependencies yourself.
npm WARN eslint-config-airbnb@15.1.0 requires a peer of eslint-plugin-jsx-a11y@^5.1.1 but none is installed. You must install peer dependencies yourself.
npm WARN eslint-config-react-app@1.0.5 requires a peer of eslint@^3.19.0 but none is installed. You must install peer dependencies yourself.
npm WARN eslint-config-react-app@1.0.5 requires a peer of eslint-plugin-jsx-a11y@^5.0.3 but none is installed. You must install peer dependencies yourself.
npm WARN eslint-import-resolver-babel-module@4.0.0 requires a peer of babel-plugin-module-resolver@^3.0.0-beta but none is installed. You must install peer dependencies yourself.
npm WARN postcss-html@0.11.0 requires a peer of postcss-sass@>=0.2.0 but none is installed. You must install peer dependencies yourself.
npm WARN react-chartjs@0.8.0 requires a peer of chart.js@^1.1.1 but none is installed. You must install peer dependencies yourself.
npm WARN react-google-maps@9.4.1 requires a peer of @types/googlemaps@^3.0.0 but none is installed. You must install peer dependencies yourself.
npm WARN react-google-maps@9.4.1 requires a peer of @types/markerclustererplus@^2.1.29 but none is installed. You must install peer dependencies yourself.
npm WARN react-google-maps@9.4.1 requires a peer of @types/react@^15.0.0 || ^16.0.0 but none is installed. You must install peer dependencies yourself.
npm WARN react-table@6.7.4 requires a peer of eslint-config-react-tools@^1.0.10 but none is installed. You must install peer dependencies yourself.
npm WARN react-test-renderer@16.2.0 requires a peer of react@^16.0.0 but none is installed. You must install peer dependencies yourself.
npm WARN reactstrap@4.8.0 requires a peer of react-transition-group@^1.1.2 but none is installed. You must install peer dependencies yourself.
npm WARN TLP@1.0.0 No license field.
npm WARN The package babel-plugin-dynamic-import-node is included as both a dev and production dependency.
npm WARN The package babel-preset-es2015 is included as both a dev and production dependency.
npm WARN The package style-loader is included as both a dev and production dependency.
npm WARN The package stylelint is included as both a dev and production dependency.
npm WARN optional SKIPPING OPTIONAL DEPENDENCY: fsevents@1.1.3 (node_modules/fsevents):
npm WARN notsup SKIPPING OPTIONAL DEPENDENCY: Unsupported platform for fsevents@1.1.3: wanted {"os":"darwin","arch":"any"} (current: {"os":"linux","arch":"x64"})

up to date in 34.77s
[0] running better-npm-run in /home/kowsikg/Downloads/git/tlp-fe
[0] Executing script: start-default
[0] 
[0] to be executed: node server.js 
[0] events.js:137
[0]       throw er; // Unhandled 'error' event
[0]       ^
[0] 
[0] Error: listen EADDRINUSE 0.0.0.0:8080
[0]     at Object._errnoException (util.js:1003:13)
[0]     at _exceptionWithHostPort (util.js:1024:20)
[0]     at Server.setupListenHandle [as _listen2] (net.js:1366:14)
[0]     at listenInCluster (net.js:1407:12)
[0]     at doListen (net.js:1522:7)
[0]     at process._tickCallback (internal/process/next_tick.js:152:19)
[0]     at Function.Module.runMain (module.js:703:11)
[0]     at startup (bootstrap_node.js:193:16)
[0]     at bootstrap_node.js:617:3
[0] better-npm-run start-default exited with code 1
npm ERR! code ELIFECYCLE
npm ERR! errno 1
npm ERR! TLP@1.0.0 start: `npm i && concurrently --kill-others "better-npm-run start-default"`
npm ERR! Exit status 1
npm ERR! 
npm ERR! Failed at the TLP@1.0.0 start script.
npm ERR! This is probably not a problem with npm. There is likely additional logging output above.

npm ERR! A complete log of this run can be found in:
npm ERR!     /home/kowsikg/.npm/_logs/2018-03-12T06_46_19_010Z-debug.log

> TLP@1.0.0 start /home/kowsikg/Downloads/git/tlp-fe
> npm i && concurrently --kill-others "better-npm-run start-default"

npm WARN bootstrap@4.0.0 requires a peer of jquery@1.9.1 - 3 but none is installed. You must install peer dependencies yourself.
npm WARN bootstrap@4.0.0 requires a peer of popper.js@^1.12.9 but none is installed. You must install peer dependencies yourself.
npm WARN enzyme-adapter-react-15@1.0.5 requires a peer of react-test-renderer@^15.5.0 but none is installed. You must install peer dependencies yourself.
npm WARN enzyme-adapter-react-16@1.1.0 requires a peer of react@^16.0.0-0 but none is installed. You must install peer dependencies yourself.
npm WARN enzyme-adapter-react-16@1.1.0 requires a peer of react-dom@^16.0.0-0 but none is installed. You must install peer dependencies yourself.
npm WARN eslint-config-airbnb@15.1.0 requires a peer of eslint-plugin-jsx-a11y@^5.1.1 but none is installed. You must install peer dependencies yourself.
npm WARN eslint-config-react-app@1.0.5 requires a peer of eslint@^3.19.0 but none is installed. You must install peer dependencies yourself.
npm WARN eslint-config-react-app@1.0.5 requires a peer of eslint-plugin-jsx-a11y@^5.0.3 but none is installed. You must install peer dependencies yourself.
npm WARN eslint-import-resolver-babel-module@4.0.0 requires a peer of babel-plugin-module-resolver@^3.0.0-beta but none is installed. You must install peer dependencies yourself.
npm WARN postcss-html@0.11.0 requires a peer of postcss-sass@>=0.2.0 but none is installed. You must install peer dependencies yourself.
npm WARN react-chartjs@0.8.0 requires a peer of chart.js@^1.1.1 but none is installed. You must install peer dependencies yourself.
npm WARN react-google-maps@9.4.1 requires a peer of @types/googlemaps@^3.0.0 but none is installed. You must install peer dependencies yourself.
npm WARN react-google-maps@9.4.1 requires a peer of @types/markerclustererplus@^2.1.29 but none is installed. You must install peer dependencies yourself.
npm WARN react-google-maps@9.4.1 requires a peer of @types/react@^15.0.0 || ^16.0.0 but none is installed. You must install peer dependencies yourself.
npm WARN react-table@6.7.4 requires a peer of eslint-config-react-tools@^1.0.10 but none is installed. You must install peer dependencies yourself.
npm WARN react-test-renderer@16.2.0 requires a peer of react@^16.0.0 but none is installed. You must install peer dependencies yourself.
npm WARN reactstrap@4.8.0 requires a peer of react-transition-group@^1.1.2 but none is installed. You must install peer dependencies yourself.
npm WARN TLP@1.0.0 No license field.
npm WARN The package babel-plugin-dynamic-import-node is included as both a dev and production dependency.
npm WARN The package babel-preset-es2015 is included as both a dev and production dependency.
npm WARN The package style-loader is included as both a dev and production dependency.
npm WARN The package stylelint is included as both a dev and production dependency.
npm WARN optional SKIPPING OPTIONAL DEPENDENCY: fsevents@1.1.3 (node_modules/fsevents):
npm WARN notsup SKIPPING OPTIONAL DEPENDENCY: Unsupported platform for fsevents@1.1.3: wanted {"os":"darwin","arch":"any"} (current: {"os":"linux","arch":"x64"})

up to date in 19.454s
[0] running better-npm-run in /home/kowsikg/Downloads/git/tlp-fe
[0] Executing script: start-default
[0] 
[0] to be executed: node server.js 
[0] events.js:137
[0]       throw er; // Unhandled 'error' event
[0]       ^
[0] 
[0] Error: listen EADDRINUSE 0.0.0.0:8080
[0]     at Object._errnoException (util.js:1003:13)
[0]     at _exceptionWithHostPort (util.js:1024:20)
[0]     at Server.setupListenHandle [as _listen2] (net.js:1366:14)
[0]     at listenInCluster (net.js:1407:12)
[0]     at doListen (net.js:1522:7)
[0]     at process._tickCallback (internal/process/next_tick.js:152:19)
[0]     at Function.Module.runMain (module.js:703:11)
[0]     at startup (bootstrap_node.js:193:16)
[0]     at bootstrap_node.js:617:3
[0] better-npm-run start-default exited with code 1
npm ERR! code ELIFECYCLE
npm ERR! errno 1
npm ERR! TLP@1.0.0 start: `npm i && concurrently --kill-others "better-npm-run start-default"`
npm ERR! Exit status 1
npm ERR! 
npm ERR! Failed at the TLP@1.0.0 start script.
npm ERR! This is probably not a problem with npm. There is likely additional logging output above.

npm ERR! A complete log of this run can be found in:
npm ERR!     /home/kowsikg/.npm/_logs/2018-03-12T06_47_21_317Z-debug.log

> TLP@1.0.0 start /home/kowsikg/Downloads/git/tlp-fe
> npm i && concurrently --kill-others "better-npm-run start-default"

npm WARN bootstrap@4.0.0 requires a peer of jquery@1.9.1 - 3 but none is installed. You must install peer dependencies yourself.
npm WARN bootstrap@4.0.0 requires a peer of popper.js@^1.12.9 but none is installed. You must install peer dependencies yourself.
npm WARN enzyme-adapter-react-15@1.0.5 requires a peer of react-test-renderer@^15.5.0 but none is installed. You must install peer dependencies yourself.
npm WARN enzyme-adapter-react-16@1.1.0 requires a peer of react@^16.0.0-0 but none is installed. You must install peer dependencies yourself.
npm WARN enzyme-adapter-react-16@1.1.0 requires a peer of react-dom@^16.0.0-0 but none is installed. You must install peer dependencies yourself.
npm WARN eslint-config-airbnb@15.1.0 requires a peer of eslint-plugin-jsx-a11y@^5.1.1 but none is installed. You must install peer dependencies yourself.
npm WARN eslint-config-react-app@1.0.5 requires a peer of eslint@^3.19.0 but none is installed. You must install peer dependencies yourself.
npm WARN eslint-config-react-app@1.0.5 requires a peer of eslint-plugin-jsx-a11y@^5.0.3 but none is installed. You must install peer dependencies yourself.
npm WARN eslint-import-resolver-babel-module@4.0.0 requires a peer of babel-plugin-module-resolver@^3.0.0-beta but none is installed. You must install peer dependencies yourself.
npm WARN postcss-html@0.11.0 requires a peer of postcss-sass@>=0.2.0 but none is installed. You must install peer dependencies yourself.
npm WARN react-chartjs@0.8.0 requires a peer of chart.js@^1.1.1 but none is installed. You must install peer dependencies yourself.
npm WARN react-google-maps@9.4.1 requires a peer of @types/googlemaps@^3.0.0 but none is installed. You must install peer dependencies yourself.
npm WARN react-google-maps@9.4.1 requires a peer of @types/markerclustererplus@^2.1.29 but none is installed. You must install peer dependencies yourself.
npm WARN react-google-maps@9.4.1 requires a peer of @types/react@^15.0.0 || ^16.0.0 but none is installed. You must install peer dependencies yourself.
npm WARN react-table@6.7.4 requires a peer of eslint-config-react-tools@^1.0.10 but none is installed. You must install peer dependencies yourself.
npm WARN react-test-renderer@16.2.0 requires a peer of react@^16.0.0 but none is installed. You must install peer dependencies yourself.
npm WARN reactstrap@4.8.0 requires a peer of react-transition-group@^1.1.2 but none is installed. You must install peer dependencies yourself.
npm WARN TLP@1.0.0 No license field.
npm WARN The package babel-plugin-dynamic-import-node is included as both a dev and production dependency.
npm WARN The package babel-preset-es2015 is included as both a dev and production dependency.
npm WARN The package style-loader is included as both a dev and production dependency.
npm WARN The package stylelint is included as both a dev and production dependency.
npm WARN optional SKIPPING OPTIONAL DEPENDENCY: fsevents@1.1.3 (node_modules/fsevents):
npm WARN notsup SKIPPING OPTIONAL DEPENDENCY: Unsupported platform for fsevents@1.1.3: wanted {"os":"darwin","arch":"any"} (current: {"os":"linux","arch":"x64"})

up to date in 16.975s
[0] running better-npm-run in /home/kowsikg/Downloads/git/tlp-fe
[0] Executing script: start-default
[0] 
[0] to be executed: node server.js 
[0] Starting Default local Server. http://localhost:8080
[0] http://192.168.39.43:8090
[0] webpack: wait until bundle finished: /
[0]    1137 modules
[0] webpack: Compiled successfully.
[0] Killed
[0] better-npm-run start-default exited with code 137
npm ERR! code ELIFECYCLE
npm ERR! errno 1
npm ERR! TLP@1.0.0 start: `npm i && concurrently --kill-others "better-npm-run start-default"`
npm ERR! Exit status 1
npm ERR! 
npm ERR! Failed at the TLP@1.0.0 start script.
npm ERR! This is probably not a problem with npm. There is likely additional logging output above.

npm ERR! A complete log of this run can be found in:
npm ERR!     /home/kowsikg/.npm/_logs/2018-03-12T07_43_54_420Z-debug.log
